Using pre-set license
Built from '2021.3/staging' branch; Version is '2021.3.23f1 (213b516bf396) revision 2177873'; Using compiler version '192829333'; Build Type 'Release'
OS: 'Windows 10  (10.0.19045) 64bit CoreSingleLanguage' Language: 'en' Physical Memory: 12170 MB
BatchMode: 1, IsHumanControllingUs: 0, StartBugReporterOnCrash: 0, Is64bit: 1, IsPro: 1

COMMAND LINE ARGUMENTS:
C:\Program Files\Unity 2021.3.23f1\Editor\Unity.exe
-adb2
-batchMode
-noUpm
-name
AssetImportWorker4
-projectPath
C:/Users/Isi/Documents/GitHub/Tarea/Prototipo
-logFile
Logs/AssetImportWorker4.log
-srvPort
62802
Successfully changed project path to: C:/Users/Isi/Documents/GitHub/Tarea/Prototipo
C:/Users/Isi/Documents/GitHub/Tarea/Prototipo
[UnityMemory] Configuration Parameters - Can be set up in boot.config
    "memorysetup-bucket-allocator-granularity=16"
    "memorysetup-bucket-allocator-bucket-count=8"
    "memorysetup-bucket-allocator-block-size=33554432"
    "memorysetup-bucket-allocator-block-count=8"
    "memorysetup-main-allocator-block-size=16777216"
    "memorysetup-thread-allocator-block-size=16777216"
    "memorysetup-gfx-main-allocator-block-size=16777216"
    "memorysetup-gfx-thread-allocator-block-size=16777216"
    "memorysetup-cache-allocator-block-size=4194304"
    "memorysetup-typetree-allocator-block-size=2097152"
    "memorysetup-profiler-bucket-allocator-granularity=16"
    "memorysetup-profiler-bucket-allocator-bucket-count=8"
    "memorysetup-profiler-bucket-allocator-block-size=33554432"
    "memorysetup-profiler-bucket-allocator-block-count=8"
    "memorysetup-profiler-allocator-block-size=16777216"
    "memorysetup-profiler-editor-allocator-block-size=1048576"
    "memorysetup-temp-allocator-size-main=16777216"
    "memorysetup-job-temp-allocator-block-size=2097152"
    "memorysetup-job-temp-allocator-block-size-background=1048576"
    "memorysetup-job-temp-allocator-reduction-small-platforms=262144"
    "memorysetup-temp-allocator-size-background-worker=32768"
    "memorysetup-temp-allocator-size-job-worker=262144"
    "memorysetup-temp-allocator-size-preload-manager=33554432"
    "memorysetup-temp-allocator-size-nav-mesh-worker=65536"
    "memorysetup-temp-allocator-size-audio-worker=65536"
    "memorysetup-temp-allocator-size-cloud-worker=32768"
    "memorysetup-temp-allocator-size-gi-baking-worker=262144"
    "memorysetup-temp-allocator-size-gfx=262144"
Player connection [14672] Host "[IP] 192.168.0.17 [Port] 0 [Flags] 2 [Guid] 4048299598 [EditorId] 4048299598 [Version] 1048832 [Id] WindowsEditor(7,Isi-PC) [Debug] 1 [PackageName] WindowsEditor [ProjectName] Editor" joined multi-casting on [225.0.0.222:54997]...

Player connection [14672] Host "[IP] 192.168.0.17 [Port] 0 [Flags] 2 [Guid] 4048299598 [EditorId] 4048299598 [Version] 1048832 [Id] WindowsEditor(7,Isi-PC) [Debug] 1 [PackageName] WindowsEditor [ProjectName] Editor" joined alternative multi-casting on [225.0.0.222:34997]...

Refreshing native plugins compatible for Editor in 137.93 ms, found 3 plugins.
Preloading 0 native plugins for Editor in 0.00 ms.
Initialize engine version: 2021.3.23f1 (213b516bf396)
[Subsystems] Discovering subsystems at path C:/Program Files/Unity 2021.3.23f1/Editor/Data/Resources/UnitySubsystems
[Subsystems] Discovering subsystems at path C:/Users/Isi/Documents/GitHub/Tarea/Prototipo/Assets
GfxDevice: creating device client; threaded=0; jobified=0
Direct3D:
    Version:  Direct3D 11.0 [level 11.1]
    Renderer: NVIDIA GeForce GTX 1050 (ID=0x1c8d)
    Vendor:   NVIDIA
    VRAM:     4019 MB
    Driver:   30.0.15.1259
Initialize mono
Mono path[0] = 'C:/Program Files/Unity 2021.3.23f1/Editor/Data/Managed'
Mono path[1] = 'C:/Program Files/Unity 2021.3.23f1/Editor/Data/MonoBleedingEdge/lib/mono/unityjit-win32'
Mono config path = 'C:/Program Files/Unity 2021.3.23f1/Editor/Data/MonoBleedingEdge/etc'
Using monoOptions --debugger-agent=transport=dt_socket,embedding=1,server=y,suspend=n,address=127.0.0.1:56828
Begin MonoManager ReloadAssembly
Registering precompiled unity dll's ...
Register platform support module: C:/Program Files/Unity 2021.3.23f1/Editor/Data/PlaybackEngines/WindowsStandaloneSupport/UnityEditor.WindowsStandalone.Extensions.dll
Registered in 0.027046 seconds.
Native extension for WindowsStandalone target not found
Refreshing native plugins compatible for Editor in 161.97 ms, found 3 plugins.
Preloading 0 native plugins for Editor in 0.00 ms.
Mono: successfully reloaded assembly
- Completed reload, in  1.752 seconds
Domain Reload Profiling:
	ReloadAssembly (1753ms)
		BeginReloadAssembly (187ms)
			ExecutionOrderSort (0ms)
			DisableScriptedObjects (0ms)
			BackupInstance (0ms)
			ReleaseScriptingObjects (0ms)
			CreateAndSetChildDomain (1ms)
		EndReloadAssembly (1083ms)
			LoadAssemblies (183ms)
			RebuildTransferFunctionScriptingTraits (0ms)
			SetupTypeCache (262ms)
			ReleaseScriptCaches (0ms)
			RebuildScriptCaches (68ms)
			SetupLoadedEditorAssemblies (628ms)
				LogAssemblyErrors (0ms)
				InitializePlatformSupportModulesInManaged (17ms)
				SetLoadedEditorAssemblies (0ms)
				RefreshPlugins (162ms)
				BeforeProcessingInitializeOnLoad (2ms)
				ProcessInitializeOnLoadAttributes (301ms)
				ProcessInitializeOnLoadMethodAttributes (145ms)
				AfterProcessingInitializeOnLoad (0ms)
				EditorAssembliesLoaded (0ms)
			ExecutionOrderSort2 (0ms)
			AwakeInstancesAfterBackupRestoration (0ms)
Platform modules already initialized, skipping
Registering precompiled user dll's ...
Registered in 0.011270 seconds.
Begin MonoManager ReloadAssembly
Symbol file LoadedFromMemory doesn't match image C:\Users\Isi\Documents\GitHub\Tarea\Prototipo\Library\PackageCache\com.unity.visualscripting@1.8.0\Editor\VisualScripting.Core\Dependencies\YamlDotNet\Unity.VisualScripting.YamlDotNet.dll
Symbol file LoadedFromMemory doesn't match image C:\Users\Isi\Documents\GitHub\Tarea\Prototipo\Library\PackageCache\com.unity.visualscripting@1.8.0\Editor\VisualScripting.Core\Dependencies\DotNetZip\Unity.VisualScripting.IonicZip.dll
Native extension for WindowsStandalone target not found
Refreshing native plugins compatible for Editor in 171.30 ms, found 3 plugins.
Preloading 0 native plugins for Editor in 0.00 ms.
Mono: successfully reloaded assembly
- Completed reload, in  2.576 seconds
Domain Reload Profiling:
	ReloadAssembly (2577ms)
		BeginReloadAssembly (328ms)
			ExecutionOrderSort (0ms)
			DisableScriptedObjects (12ms)
			BackupInstance (0ms)
			ReleaseScriptingObjects (0ms)
			CreateAndSetChildDomain (40ms)
		EndReloadAssembly (2022ms)
			LoadAssemblies (237ms)
			RebuildTransferFunctionScriptingTraits (0ms)
			SetupTypeCache (520ms)
			ReleaseScriptCaches (1ms)
			RebuildScriptCaches (160ms)
			SetupLoadedEditorAssemblies (1095ms)
				LogAssemblyErrors (0ms)
				InitializePlatformSupportModulesInManaged (9ms)
				SetLoadedEditorAssemblies (0ms)
				RefreshPlugins (171ms)
				BeforeProcessingInitializeOnLoad (185ms)
				ProcessInitializeOnLoadAttributes (676ms)
				ProcessInitializeOnLoadMethodAttributes (31ms)
				AfterProcessingInitializeOnLoad (21ms)
				EditorAssembliesLoaded (0ms)
			ExecutionOrderSort2 (0ms)
			AwakeInstancesAfterBackupRestoration (12ms)
Platform modules already initialized, skipping
========================================================================
Worker process is ready to serve import requests
Launched and connected shader compiler UnityShaderCompiler.exe after 0.07 seconds
Refreshing native plugins compatible for Editor in 1.64 ms, found 3 plugins.
Preloading 0 native plugins for Editor in 0.00 ms.
Unloading 3752 Unused Serialized files (Serialized files now loaded: 0)
Unloading 57 unused Assets / (1.6 MB). Loaded Objects now: 4237.
Memory consumption went from 165.4 MB to 163.8 MB.
Total: 6.041100 ms (FindLiveObjects: 0.476700 ms CreateObjectMapping: 0.475500 ms MarkObjects: 4.353800 ms  DeleteObjects: 0.733400 ms)

AssetImportParameters requested are different than current active one (requested -> active):
  custom:video-decoder-ogg-theora: a1e56fd34408186e4bbccfd4996cb3dc -> 
  custom:container-muxer-webm: aa71ff27fc2769a1b78a27578f13a17b -> 
  custom:container-demuxer-webm: 4f35f7cbe854078d1ac9338744f61a02 -> 
  custom:video-encoder-webm-vp8: eb34c28f22e8b96e1ab97ce403110664 -> 
  custom:audio-encoder-webm-vorbis: bf7c407c2cedff20999df2af8eb42d56 -> 
  custom:framework-win-MediaFoundation: 216162199b28c13a410421893ffa2e32 -> 
  custom:container-demuxer-ogg: 62fdf1f143b41e24485cea50d1cbac27 -> 
  custom:video-decoder-webm-vp8: 9c59270c3fd7afecdb556c50c9e8de78 -> 
  custom:audio-decoder-ogg-vorbis: bf7c407c2cedff20999df2af8eb42d56 -> 
========================================================================
Received Import Request.
  Time since last request: 1065.430507 seconds.
  path: Assets/Assets/Cute/Terrain_Escarpment_Mid_Straight.obj
  artifactKey: Guid(c827b8cabb15fa640a88883c30d33dea) Importer(2089858483,0ecaa5967403d082aa24f35e1b516d23)
Start importing Assets/Assets/Cute/Terrain_Escarpment_Mid_Straight.obj using Guid(c827b8cabb15fa640a88883c30d33dea) Importer(2089858483,0ecaa5967403d082aa24f35e1b516d23) Generated GUIDs only implemented for interfaces!
 -> (artifact id: '77eff4fe40f7ebe9ad88dc297714850e') in 0.408142 seconds 
========================================================================
Received Import Request.
  Time since last request: 0.000049 seconds.
  path: Assets/Assets/Cute/Terrain_Grass_Hill_Corner_Inner.mtl
  artifactKey: Guid(170e91a74048e41468d1494f4377d91f) Importer(2089858483,0ecaa5967403d082aa24f35e1b516d23)
Start importing Assets/Assets/Cute/Terrain_Grass_Hill_Corner_Inner.mtl using Guid(170e91a74048e41468d1494f4377d91f) Importer(2089858483,0ecaa5967403d082aa24f35e1b516d23) Generated GUIDs only implemented for interfaces!
 -> (artifact id: '3b2c5df7a0fe5b71f36a1d4761338270') in 0.017774 seconds 
========================================================================
Received Import Request.
  Time since last request: 0.000066 seconds.
  path: Assets/Assets/Cute/Terrain_Escarpment_Top_Corner_Outer.mtl
  artifactKey: Guid(10825e652439a6d4ba5d218728d7b242) Importer(2089858483,0ecaa5967403d082aa24f35e1b516d23)
Start importing Assets/Assets/Cute/Terrain_Escarpment_Top_Corner_Outer.mtl using Guid(10825e652439a6d4ba5d218728d7b242) Importer(2089858483,0ecaa5967403d082aa24f35e1b516d23) Generated GUIDs only implemented for interfaces!
 -> (artifact id: 'c2ea6eb73d4fedfbdd242193986df2cc') in 0.008872 seconds 
========================================================================
Received Import Request.
  Time since last request: 0.000030 seconds.
  path: Assets/Assets/Extras/candyC.fbx
  artifactKey: Guid(583cad52aa2f0f34fb2d399655f53f44) Importer(2089858483,0ecaa5967403d082aa24f35e1b516d23)
Start importing Assets/Assets/Extras/candyC.fbx using Guid(583cad52aa2f0f34fb2d399655f53f44) Importer(2089858483,0ecaa5967403d082aa24f35e1b516d23) Generated GUIDs only implemented for interfaces!
 -> (artifact id: 'f42b23c1d531654981308a26873677b7') in 0.087512 seconds 
========================================================================
Received Import Request.
  Time since last request: 0.000024 seconds.
  path: Assets/Assets/Extras/treeB_graveyard.fbx
  artifactKey: Guid(7a726ff7288c0de4dbe297b549657a46) Importer(2089858483,0ecaa5967403d082aa24f35e1b516d23)
Start importing Assets/Assets/Extras/treeB_graveyard.fbx using Guid(7a726ff7288c0de4dbe297b549657a46) Importer(2089858483,0ecaa5967403d082aa24f35e1b516d23) Generated GUIDs only implemented for interfaces!
 -> (artifact id: '61aa25fb2ee26919fc9393bc49b1a2b5') in 0.080518 seconds 
========================================================================
Received Import Request.
  Time since last request: 0.000032 seconds.
  path: Assets/Assets/Cute/Terrain_Path_Hill_Edge.obj
  artifactKey: Guid(dcc9f4b63aba4cf439819e40d93d71ae) Importer(2089858483,0ecaa5967403d082aa24f35e1b516d23)
Start importing Assets/Assets/Cute/Terrain_Path_Hill_Edge.obj using Guid(dcc9f4b63aba4cf439819e40d93d71ae) Importer(2089858483,0ecaa5967403d082aa24f35e1b516d23) Generated GUIDs only implemented for interfaces!
 -> (artifact id: '5c094ee9a79bd9af8262ff58b76747f8') in 0.109880 seconds 
========================================================================
Received Import Request.
  Time since last request: 0.000042 seconds.
  path: Assets/Assets/Cute/Terrain_Mountain_1.mtl
  artifactKey: Guid(018891a0e66e7dc4e819eba0ea5c24db) Importer(2089858483,0ecaa5967403d082aa24f35e1b516d23)
Start importing Assets/Assets/Cute/Terrain_Mountain_1.mtl using Guid(018891a0e66e7dc4e819eba0ea5c24db) Importer(2089858483,0ecaa5967403d082aa24f35e1b516d23) Generated GUIDs only implemented for interfaces!
 -> (artifact id: '19cb23e758ba77edfcbd53d3894ab7f1') in 0.009331 seconds 
========================================================================
Received Import Request.
  Time since last request: 0.000043 seconds.
  path: Assets/Assets/Cute/Prop_Bridge_Narrow.mtl
  artifactKey: Guid(d7d63e599f6afe04cb10c12cb0ef3d37) Importer(2089858483,0ecaa5967403d082aa24f35e1b516d23)
Start importing Assets/Assets/Cute/Prop_Bridge_Narrow.mtl using Guid(d7d63e599f6afe04cb10c12cb0ef3d37) Importer(2089858483,0ecaa5967403d082aa24f35e1b516d23) Generated GUIDs only implemented for interfaces!
 -> (artifact id: '9bdf59dfdaa26f7c832a09efcc927ed3') in 0.020666 seconds 
========================================================================
Received Import Request.
  Time since last request: 0.000027 seconds.
  path: Assets/Assets/Cute/Terrain_Mountain_1.obj
  artifactKey: Guid(fe6458ac3bd7676408d9234f235562fa) Importer(2089858483,0ecaa5967403d082aa24f35e1b516d23)
Start importing Assets/Assets/Cute/Terrain_Mountain_1.obj using Guid(fe6458ac3bd7676408d9234f235562fa) Importer(2089858483,0ecaa5967403d082aa24f35e1b516d23) Generated GUIDs only implemented for interfaces!
 -> (artifact id: '181e753def15b514a31449edf3c2d92f') in 0.055173 seconds 
========================================================================
Received Import Request.
  Time since last request: 0.000037 seconds.
  path: Assets/Assets/Cute/Prop_Pipe_End.mtl
  artifactKey: Guid(44de004203c4f4f499d3b9f878fd67f1) Importer(2089858483,0ecaa5967403d082aa24f35e1b516d23)
Start importing Assets/Assets/Cute/Prop_Pipe_End.mtl using Guid(44de004203c4f4f499d3b9f878fd67f1) Importer(2089858483,0ecaa5967403d082aa24f35e1b516d23) Generated GUIDs only implemented for interfaces!
 -> (artifact id: '99be75887c8314d3248448cf9471c809') in 0.022906 seconds 
========================================================================
Received Import Request.
  Time since last request: 0.000041 seconds.
  path: Assets/Assets/Cute/Prop_Tree_6.obj
  artifactKey: Guid(57da3a6a000109940a06877d0ebbb22e) Importer(2089858483,0ecaa5967403d082aa24f35e1b516d23)
Start importing Assets/Assets/Cute/Prop_Tree_6.obj using Guid(57da3a6a000109940a06877d0ebbb22e) Importer(2089858483,0ecaa5967403d082aa24f35e1b516d23) Generated GUIDs only implemented for interfaces!
 -> (artifact id: 'b16824a9702985c83a5b89307b5053ad') in 0.073642 seconds 
========================================================================
Received Import Request.
  Time since last request: 0.000028 seconds.
  path: Assets/Assets/Cute/Prop_Lollipop.obj
  artifactKey: Guid(299e292fc180559488f307614358d1a7) Importer(2089858483,0ecaa5967403d082aa24f35e1b516d23)
Start importing Assets/Assets/Cute/Prop_Lollipop.obj using Guid(299e292fc180559488f307614358d1a7) Importer(2089858483,0ecaa5967403d082aa24f35e1b516d23) Generated GUIDs only implemented for interfaces!
 -> (artifact id: 'a08f11dcacfae8d5c68e49eab52b5632') in 0.072538 seconds 
========================================================================
Received Import Request.
  Time since last request: 0.000035 seconds.
  path: Assets/Assets/Extras/lollipopA.fbx
  artifactKey: Guid(4f7289e131b9a634986735c1e58fa4ff) Importer(2089858483,0ecaa5967403d082aa24f35e1b516d23)
Start importing Assets/Assets/Extras/lollipopA.fbx using Guid(4f7289e131b9a634986735c1e58fa4ff) Importer(2089858483,0ecaa5967403d082aa24f35e1b516d23) Generated GUIDs only implemented for interfaces!
 -> (artifact id: 'f17101cdc23eb30cec57c3e59938ec19') in 0.050371 seconds 
========================================================================
Received Import Request.
  Time since last request: 0.000039 seconds.
  path: Assets/Assets/Cute/Prop_Block_Play.mtl
  artifactKey: Guid(706ce95f99dd12a46b06cf16ca1d1c2d) Importer(2089858483,0ecaa5967403d082aa24f35e1b516d23)
Start importing Assets/Assets/Cute/Prop_Block_Play.mtl using Guid(706ce95f99dd12a46b06cf16ca1d1c2d) Importer(2089858483,0ecaa5967403d082aa24f35e1b516d23) Generated GUIDs only implemented for interfaces!
 -> (artifact id: 'af1c9098e87c4695cab1227e7d78956f') in 0.012454 seconds 
========================================================================
Received Import Request.
  Time since last request: 0.000036 seconds.
  path: Assets/Assets/Cute/Prop_Mushroom_2.mtl
  artifactKey: Guid(d1f11c5f9a626984da2f7cc6003321ae) Importer(2089858483,0ecaa5967403d082aa24f35e1b516d23)
Start importing Assets/Assets/Cute/Prop_Mushroom_2.mtl using Guid(d1f11c5f9a626984da2f7cc6003321ae) Importer(2089858483,0ecaa5967403d082aa24f35e1b516d23) Generated GUIDs only implemented for interfaces!
 -> (artifact id: '39a5646cecae1a02d5864288d132cc2b') in 0.006152 seconds 
========================================================================
Received Import Request.
  Time since last request: 0.000026 seconds.
  path: Assets/Assets/Cute/Prop_Mushroom_1.mtl
  artifactKey: Guid(6c51073a490172d4ebe80a98322dc7d3) Importer(2089858483,0ecaa5967403d082aa24f35e1b516d23)
Start importing Assets/Assets/Cute/Prop_Mushroom_1.mtl using Guid(6c51073a490172d4ebe80a98322dc7d3) Importer(2089858483,0ecaa5967403d082aa24f35e1b516d23) Generated GUIDs only implemented for interfaces!
 -> (artifact id: '6dbb9151fefada2ae09a94f011876827') in 0.011894 seconds 
========================================================================
Received Import Request.
  Time since last request: 0.000027 seconds.
  path: Assets/Assets/Cute/Prop_Pipe_Elbow.mtl
  artifactKey: Guid(c7da61fb42890364eacb845c4c3772de) Importer(2089858483,0ecaa5967403d082aa24f35e1b516d23)
Start importing Assets/Assets/Cute/Prop_Pipe_Elbow.mtl using Guid(c7da61fb42890364eacb845c4c3772de) Importer(2089858483,0ecaa5967403d082aa24f35e1b516d23) Generated GUIDs only implemented for interfaces!
 -> (artifact id: '7d767271ca7a027e47cbdfc9b39d23bf') in 0.008245 seconds 
========================================================================
Received Import Request.
  Time since last request: 0.000087 seconds.
  path: Assets/Assets/Cute/Prop_Wood_Platform_Narrow_Flat.obj
  artifactKey: Guid(0b1b021cc69dfbb48b22203cd83a9c5f) Importer(2089858483,0ecaa5967403d082aa24f35e1b516d23)
Start importing Assets/Assets/Cute/Prop_Wood_Platform_Narrow_Flat.obj using Guid(0b1b021cc69dfbb48b22203cd83a9c5f) Importer(2089858483,0ecaa5967403d082aa24f35e1b516d23) Generated GUIDs only implemented for interfaces!
 -> (artifact id: '8a88de0b2b17524737a06c44babdd441') in 0.074767 seconds 
========================================================================
Received Import Request.
  Time since last request: 0.000127 seconds.
  path: Assets/Assets/Cute/Terrain_Escarpment_Mine_Inner.obj
  artifactKey: Guid(c0ea66fa349202f40a44f7d2b765a966) Importer(2089858483,0ecaa5967403d082aa24f35e1b516d23)
Start importing Assets/Assets/Cute/Terrain_Escarpment_Mine_Inner.obj using Guid(c0ea66fa349202f40a44f7d2b765a966) Importer(2089858483,0ecaa5967403d082aa24f35e1b516d23) Generated GUIDs only implemented for interfaces!
 -> (artifact id: '874403f047f148b4b0b3f71fbf0429e8') in 0.045687 seconds 
========================================================================
Received Import Request.
  Time since last request: 0.000035 seconds.
  path: Assets/Assets/Cute/Prop_Slide_Top.obj
  artifactKey: Guid(0328f4ba83e6cff4f85bd9431e4d9083) Importer(2089858483,0ecaa5967403d082aa24f35e1b516d23)
Start importing Assets/Assets/Cute/Prop_Slide_Top.obj using Guid(0328f4ba83e6cff4f85bd9431e4d9083) Importer(2089858483,0ecaa5967403d082aa24f35e1b516d23) Generated GUIDs only implemented for interfaces!
 -> (artifact id: 'a1425ed102bf822e63f0183d000f9d68') in 0.041640 seconds 
========================================================================
Received Import Request.
  Time since last request: 0.000061 seconds.
  path: Assets/Assets/Cute/Prop_Pipe_Straight.mtl
  artifactKey: Guid(60f5e5ff55a990347bb36c50ae00e6d9) Importer(2089858483,0ecaa5967403d082aa24f35e1b516d23)
Start importing Assets/Assets/Cute/Prop_Pipe_Straight.mtl using Guid(60f5e5ff55a990347bb36c50ae00e6d9) Importer(2089858483,0ecaa5967403d082aa24f35e1b516d23) Generated GUIDs only implemented for interfaces!
 -> (artifact id: '65703faaf2ecc190c28bab736f20001b') in 0.008545 seconds 
========================================================================
Received Import Request.
  Time since last request: 0.000039 seconds.
  path: Assets/Assets/Cute/Terrain_Grass_Flat.obj
  artifactKey: Guid(2cd9a28f91416424f85985358a76a96b) Importer(2089858483,0ecaa5967403d082aa24f35e1b516d23)
Start importing Assets/Assets/Cute/Terrain_Grass_Flat.obj using Guid(2cd9a28f91416424f85985358a76a96b) Importer(2089858483,0ecaa5967403d082aa24f35e1b516d23) Generated GUIDs only implemented for interfaces!
 -> (artifact id: '3fd9255d139fcab1fdd6590fb23d179f') in 0.071964 seconds 
========================================================================
Received Import Request.
  Time since last request: 0.000027 seconds.
  path: Assets/Assets/Cute/Prop_Block_Question_Mark.obj
  artifactKey: Guid(78388846250622f4cbb7f6fc25e3e702) Importer(2089858483,0ecaa5967403d082aa24f35e1b516d23)
Start importing Assets/Assets/Cute/Prop_Block_Question_Mark.obj using Guid(78388846250622f4cbb7f6fc25e3e702) Importer(2089858483,0ecaa5967403d082aa24f35e1b516d23) Generated GUIDs only implemented for interfaces!
 -> (artifact id: '496565d79a7b895629cbf0aedfa83189') in 0.049156 seconds 
========================================================================
Received Import Request.
  Time since last request: 0.000027 seconds.
  path: Assets/Assets/Cute/Terrain_Escarpment_Mid_Corner_Inner.mtl
  artifactKey: Guid(320cad09516644e4b95a6499d653160a) Importer(2089858483,0ecaa5967403d082aa24f35e1b516d23)
Start importing Assets/Assets/Cute/Terrain_Escarpment_Mid_Corner_Inner.mtl using Guid(320cad09516644e4b95a6499d653160a) Importer(2089858483,0ecaa5967403d082aa24f35e1b516d23) Generated GUIDs only implemented for interfaces!
 -> (artifact id: '289f01df87520015b5c628c2a96975d7') in 0.008481 seconds 
========================================================================
Received Import Request.
  Time since last request: 0.000036 seconds.
  path: Assets/Assets/Cute/Prop_Daisy_Leaf.obj
  artifactKey: Guid(2473fdf4de6e1e146897c595eceb6e1c) Importer(2089858483,0ecaa5967403d082aa24f35e1b516d23)
Start importing Assets/Assets/Cute/Prop_Daisy_Leaf.obj using Guid(2473fdf4de6e1e146897c595eceb6e1c) Importer(2089858483,0ecaa5967403d082aa24f35e1b516d23) Generated GUIDs only implemented for interfaces!
 -> (artifact id: '61b4ca9802977ad0fbb27e083dbbd9c8') in 0.048908 seconds 
========================================================================
Received Import Request.
  Time since last request: 0.000036 seconds.
  path: Assets/Assets/Cute/Prop_Fence_Hill.mtl
  artifactKey: Guid(600e9288d57fb054b8b25f2d0ae2854c) Importer(2089858483,0ecaa5967403d082aa24f35e1b516d23)
Start importing Assets/Assets/Cute/Prop_Fence_Hill.mtl using Guid(600e9288d57fb054b8b25f2d0ae2854c) Importer(2089858483,0ecaa5967403d082aa24f35e1b516d23) Generated GUIDs only implemented for interfaces!
 -> (artifact id: '22d4f9873301bb3bc27ca22a773a84c3') in 0.008789 seconds 
========================================================================
Received Import Request.
  Time since last request: 0.000055 seconds.
  path: Assets/Assets/Enemies/HealZone.cs
  artifactKey: Guid(0dfa9d88b1e57fa4491d258824e120e2) Importer(2089858483,0ecaa5967403d082aa24f35e1b516d23)
Start importing Assets/Assets/Enemies/HealZone.cs using Guid(0dfa9d88b1e57fa4491d258824e120e2) Importer(2089858483,0ecaa5967403d082aa24f35e1b516d23) Generated GUIDs only implemented for interfaces!
 -> (artifact id: '890ac1549cb59c2095de4b110eff445f') in 0.013109 seconds 
========================================================================
Received Import Request.
  Time since last request: 0.000030 seconds.
  path: Assets/Assets/Cute/Prop_Tree_9.obj
  artifactKey: Guid(97a4239ca6e375f4faefa9b6dc9b4dfe) Importer(2089858483,0ecaa5967403d082aa24f35e1b516d23)
Start importing Assets/Assets/Cute/Prop_Tree_9.obj using Guid(97a4239ca6e375f4faefa9b6dc9b4dfe) Importer(2089858483,0ecaa5967403d082aa24f35e1b516d23) Generated GUIDs only implemented for interfaces!
 -> (artifact id: '0e2f52ab4c7de19a87ffd5f665af1bb3') in 0.052503 seconds 
========================================================================
Received Import Request.
  Time since last request: 0.000043 seconds.
  path: Assets/Assets/Cute/Prop_Sign_Help.obj
  artifactKey: Guid(f8b346cab18d3e64390f9c18d736a040) Importer(2089858483,0ecaa5967403d082aa24f35e1b516d23)
Start importing Assets/Assets/Cute/Prop_Sign_Help.obj using Guid(f8b346cab18d3e64390f9c18d736a040) Importer(2089858483,0ecaa5967403d082aa24f35e1b516d23) Generated GUIDs only implemented for interfaces!
 -> (artifact id: '0dda25b0947ddd2309817dfc8a728659') in 0.102225 seconds 
========================================================================
Received Import Request.
  Time since last request: 0.000052 seconds.
  path: Assets/Assets/Extras/candleBundle.obj
  artifactKey: Guid(b15433cd95fa85b46a699b8b13dbe521) Importer(2089858483,0ecaa5967403d082aa24f35e1b516d23)
Start importing Assets/Assets/Extras/candleBundle.obj using Guid(b15433cd95fa85b46a699b8b13dbe521) Importer(2089858483,0ecaa5967403d082aa24f35e1b516d23) Generated GUIDs only implemented for interfaces!
 -> (artifact id: 'dce843bfb940a43df42352cc6929e7c6') in 0.029512 seconds 
========================================================================
Received Import Request.
  Time since last request: 0.000030 seconds.
  path: Assets/Assets/Cute/Prop_Wood_Platform_Wide_Ramp.mtl
  artifactKey: Guid(cd458040bbcf20148bf5c4b7b6a04f98) Importer(2089858483,0ecaa5967403d082aa24f35e1b516d23)
Start importing Assets/Assets/Cute/Prop_Wood_Platform_Wide_Ramp.mtl using Guid(cd458040bbcf20148bf5c4b7b6a04f98) Importer(2089858483,0ecaa5967403d082aa24f35e1b516d23) Generated GUIDs only implemented for interfaces!
 -> (artifact id: 'af67b19de18a2492cc810d96bff93123') in 0.012421 seconds 
========================================================================
Received Import Request.
  Time since last request: 0.000041 seconds.
  path: Assets/Assets/Handpainted_Grass_and_Ground_Textures/Demo/Materials/floor_bricks_02_nor_gl_4k.jpg
  artifactKey: Guid(e1ac7072ad55dab488b2e1767a3d2f9c) Importer(2089858483,0ecaa5967403d082aa24f35e1b516d23)
Start importing Assets/Assets/Handpainted_Grass_and_Ground_Textures/Demo/Materials/floor_bricks_02_nor_gl_4k.jpg using Guid(e1ac7072ad55dab488b2e1767a3d2f9c) Importer(2089858483,0ecaa5967403d082aa24f35e1b516d23) Generated GUIDs only implemented for interfaces!
 -> (artifact id: '0a2585da000b6d708d2850eae93b0590') in 0.143278 seconds 
========================================================================
Received Import Request.
  Time since last request: 0.000033 seconds.
  path: Assets/Assets/Cute/Prop_Sign_Arrow.obj
  artifactKey: Guid(97779b2151410a041868c097a87a63cc) Importer(2089858483,0ecaa5967403d082aa24f35e1b516d23)
Start importing Assets/Assets/Cute/Prop_Sign_Arrow.obj using Guid(97779b2151410a041868c097a87a63cc) Importer(2089858483,0ecaa5967403d082aa24f35e1b516d23) Generated GUIDs only implemented for interfaces!
 -> (artifact id: '1479bbd623677caedb77a10987e75c11') in 0.076564 seconds 
========================================================================
Received Import Request.
  Time since last request: 0.000029 seconds.
  path: Assets/Assets/Extras/candleLarge.obj
  artifactKey: Guid(606ccd32a5f25a9468f1dfbfaf74df1a) Importer(2089858483,0ecaa5967403d082aa24f35e1b516d23)
Start importing Assets/Assets/Extras/candleLarge.obj using Guid(606ccd32a5f25a9468f1dfbfaf74df1a) Importer(2089858483,0ecaa5967403d082aa24f35e1b516d23) Generated GUIDs only implemented for interfaces!
 -> (artifact id: '1bd71361d37eec125ca6c7d24a04a275') in 0.052944 seconds 
========================================================================
Received Import Request.
  Time since last request: 0.000037 seconds.
  path: Assets/Assets/Handpainted_Grass_and_Ground_Textures/Demo/Materials/grey_stone_path_nor_gl_4k.jpg
  artifactKey: Guid(15db75a68f202054ca1d86a37b5f77f6) Importer(2089858483,0ecaa5967403d082aa24f35e1b516d23)
Start importing Assets/Assets/Handpainted_Grass_and_Ground_Textures/Demo/Materials/grey_stone_path_nor_gl_4k.jpg using Guid(15db75a68f202054ca1d86a37b5f77f6) Importer(2089858483,0ecaa5967403d082aa24f35e1b516d23) Generated GUIDs only implemented for interfaces!
 -> (artifact id: 'fe063fa767d918bf169080cd84654cd9') in 0.034681 seconds 
========================================================================
Received Import Request.
  Time since last request: 0.000029 seconds.
  path: Assets/Assets/Collectables/Star.cs
  artifactKey: Guid(491762d7769864d4886c8f696c6ace7d) Importer(2089858483,0ecaa5967403d082aa24f35e1b516d23)
Start importing Assets/Assets/Collectables/Star.cs using Guid(491762d7769864d4886c8f696c6ace7d) Importer(2089858483,0ecaa5967403d082aa24f35e1b516d23) Generated GUIDs only implemented for interfaces!
 -> (artifact id: 'e978e94950e6fa7de5400458dc02ac02') in 0.007619 seconds 
========================================================================
Received Import Request.
  Time since last request: 0.000036 seconds.
  path: Assets/GameController.cs
  artifactKey: Guid(966f17925cc56bc49b944e907a09eda2) Importer(2089858483,0ecaa5967403d082aa24f35e1b516d23)
Start importing Assets/GameController.cs using Guid(966f17925cc56bc49b944e907a09eda2) Importer(2089858483,0ecaa5967403d082aa24f35e1b516d23) Generated GUIDs only implemented for interfaces!
 -> (artifact id: '017bc5bd461b64061894f5f62ca13911') in 0.007729 seconds 
========================================================================
Received Import Request.
  Time since last request: 0.000032 seconds.
  path: Assets/Assets/Extras/jackolantern_small.fbx
  artifactKey: Guid(691efae4b7ced444191617000a7ef52d) Importer(2089858483,0ecaa5967403d082aa24f35e1b516d23)
Start importing Assets/Assets/Extras/jackolantern_small.fbx using Guid(691efae4b7ced444191617000a7ef52d) Importer(2089858483,0ecaa5967403d082aa24f35e1b516d23) Generated GUIDs only implemented for interfaces!
 -> (artifact id: '1fa9df40310241b73abf1db1f2336d58') in 0.042829 seconds 
========================================================================
Received Import Request.
  Time since last request: 0.000024 seconds.
  path: Assets/Assets/Cute/Prop_Wood_Platform_Wide_Post.obj
  artifactKey: Guid(19b014b1babfebd4aa1b9d1ef19ba8b5) Importer(2089858483,0ecaa5967403d082aa24f35e1b516d23)
Start importing Assets/Assets/Cute/Prop_Wood_Platform_Wide_Post.obj using Guid(19b014b1babfebd4aa1b9d1ef19ba8b5) Importer(2089858483,0ecaa5967403d082aa24f35e1b516d23) Generated GUIDs only implemented for interfaces!
 -> (artifact id: 'a39dc63609193a1f5c041b7043e17732') in 0.047448 seconds 
========================================================================
Received Import Request.
  Time since last request: 0.000033 seconds.
  path: Assets/Assets/Cute/Terrain_Path_Flat_Corner_Inner.obj
  artifactKey: Guid(9552fc8f8b41062418ed2e984e16e0c5) Importer(2089858483,0ecaa5967403d082aa24f35e1b516d23)
Start importing Assets/Assets/Cute/Terrain_Path_Flat_Corner_Inner.obj using Guid(9552fc8f8b41062418ed2e984e16e0c5) Importer(2089858483,0ecaa5967403d082aa24f35e1b516d23) Generated GUIDs only implemented for interfaces!
 -> (artifact id: 'c3331bed877ad82f3986249731b50fed') in 0.043318 seconds 
========================================================================
Received Import Request.
  Time since last request: 0.000032 seconds.
  path: Assets/Assets/Cute/Prop_Star.mtl
  artifactKey: Guid(03ba8efaf2b9ea5458025fa70ac8094e) Importer(2089858483,0ecaa5967403d082aa24f35e1b516d23)
Start importing Assets/Assets/Cute/Prop_Star.mtl using Guid(03ba8efaf2b9ea5458025fa70ac8094e) Importer(2089858483,0ecaa5967403d082aa24f35e1b516d23) Generated GUIDs only implemented for interfaces!
 -> (artifact id: 'dc5f3eda2907c276006cf6772be8923a') in 0.006635 seconds 
========================================================================
Received Import Request.
  Time since last request: 0.000048 seconds.
  path: Assets/Assets/Cute/Prop_Coin.obj
  artifactKey: Guid(9c082ae65d49e2044adf61fcdf264a68) Importer(2089858483,0ecaa5967403d082aa24f35e1b516d23)
Start importing Assets/Assets/Cute/Prop_Coin.obj using Guid(9c082ae65d49e2044adf61fcdf264a68) Importer(2089858483,0ecaa5967403d082aa24f35e1b516d23) Generated GUIDs only implemented for interfaces!
 -> (artifact id: 'db5fdb4a2a617a6c3494b56127f45d6b') in 0.033760 seconds 
========================================================================
Received Import Request.
  Time since last request: 0.000032 seconds.
  path: Assets/Assets/Cute/Prop_Tree_5.obj
  artifactKey: Guid(d9dba65426bf7c84da0a894898d5de5c) Importer(2089858483,0ecaa5967403d082aa24f35e1b516d23)
Start importing Assets/Assets/Cute/Prop_Tree_5.obj using Guid(d9dba65426bf7c84da0a894898d5de5c) Importer(2089858483,0ecaa5967403d082aa24f35e1b516d23) Generated GUIDs only implemented for interfaces!
 -> (artifact id: 'ae874d131746432f870b64857522fa55') in 0.043021 seconds 
========================================================================
Received Import Request.
  Time since last request: 0.000032 seconds.
  path: Assets/Assets/Extras/candyD.fbx
  artifactKey: Guid(208d2b5c132deeb42a4952a6c2116031) Importer(2089858483,0ecaa5967403d082aa24f35e1b516d23)
Start importing Assets/Assets/Extras/candyD.fbx using Guid(208d2b5c132deeb42a4952a6c2116031) Importer(2089858483,0ecaa5967403d082aa24f35e1b516d23) Generated GUIDs only implemented for interfaces!
 -> (artifact id: '19c2762e6d7b3adb1fdc9ce3aba31306') in 0.041494 seconds 
========================================================================
Received Import Request.
  Time since last request: 0.000025 seconds.
  path: Assets/Assets/Cute/Prop_Crate.mtl
  artifactKey: Guid(e0e1d9f7f857c1646a8bd42dd2ebe317) Importer(2089858483,0ecaa5967403d082aa24f35e1b516d23)
Start importing Assets/Assets/Cute/Prop_Crate.mtl using Guid(e0e1d9f7f857c1646a8bd42dd2ebe317) Importer(2089858483,0ecaa5967403d082aa24f35e1b516d23) Generated GUIDs only implemented for interfaces!
 -> (artifact id: 'f7f739417ecf9abd96c465e403408ce6') in 0.006408 seconds 
========================================================================
Received Import Request.
  Time since last request: 0.000024 seconds.
  path: Assets/Assets/Extras/candyB.fbx
  artifactKey: Guid(8145f2e680109ee4e9a09167761c114a) Importer(2089858483,0ecaa5967403d082aa24f35e1b516d23)
Start importing Assets/Assets/Extras/candyB.fbx using Guid(8145f2e680109ee4e9a09167761c114a) Importer(2089858483,0ecaa5967403d082aa24f35e1b516d23) Generated GUIDs only implemented for interfaces!
 -> (artifact id: '2a8382ca231f6dfa0be0c9fff89ba203') in 0.045015 seconds 
========================================================================
Received Import Request.
  Time since last request: 0.000028 seconds.
  path: Assets/Assets/Cute/Terrain_Escarpment_Top_Straight.obj
  artifactKey: Guid(da4becbbd35922d4b90214b3e2e175a0) Importer(2089858483,0ecaa5967403d082aa24f35e1b516d23)
Start importing Assets/Assets/Cute/Terrain_Escarpment_Top_Straight.obj using Guid(da4becbbd35922d4b90214b3e2e175a0) Importer(2089858483,0ecaa5967403d082aa24f35e1b516d23) Generated GUIDs only implemented for interfaces!
 -> (artifact id: 'b55ec0058e1e110a23a62eaebd321823') in 0.040694 seconds 
========================================================================
Received Import Request.
  Time since last request: 0.000068 seconds.
  path: Assets/Material.001.mat
  artifactKey: Guid(81eb20ae5bc204c4e841a2e2e36e522b) Importer(2089858483,0ecaa5967403d082aa24f35e1b516d23)
Start importing Assets/Material.001.mat using Guid(81eb20ae5bc204c4e841a2e2e36e522b) Importer(2089858483,0ecaa5967403d082aa24f35e1b516d23) Generated GUIDs only implemented for interfaces!
 -> (artifact id: 'b7eb525753b6022fd06c1788018a17f2') in 0.016206 seconds 
Editor requested this worker to shutdown with reason: Scaling down because of idle timeout
AssetImportWorker is now disconnected from the server
Process exiting
Exiting without the bug reporter. Application will terminate with return code 0